<?xml version="1.0" encoding="UTF-8"?>
<testng-results skipped="0" failed="0" ignored="0" total="1" passed="1">
  <reporter-output>
  </reporter-output>
  <suite name="Suite" duration-ms="18832" started-at="2017-07-09T05:15:46Z" finished-at="2017-07-09T05:16:05Z">
    <groups>
    </groups>
    <test name="Test" duration-ms="18832" started-at="2017-07-09T05:15:46Z" finished-at="2017-07-09T05:16:05Z">
      <class name="com.selenium.MavenProject1.TrackoMain">
        <test-method status="PASS" signature="beforeTest()[pri:0, instance:com.selenium.MavenProject1.TrackoMain@79698539]" name="beforeTest" is-config="true" duration-ms="17423" started-at="2017-07-09T10:45:46Z" finished-at="2017-07-09T10:46:04Z">
          <reporter-output>
          </reporter-output>
        </test-method> <!-- beforeTest -->
        <test-method status="PASS" signature="f()[pri:0, instance:com.selenium.MavenProject1.TrackoMain@79698539]" name="f" duration-ms="1" started-at="2017-07-09T10:46:04Z" finished-at="2017-07-09T10:46:04Z">
          <reporter-output>
          </reporter-output>
        </test-method> <!-- f -->
        <test-method status="PASS" signature="afterTest()[pri:0, instance:com.selenium.MavenProject1.TrackoMain@79698539]" name="afterTest" is-config="true" duration-ms="1389" started-at="2017-07-09T10:46:04Z" finished-at="2017-07-09T10:46:05Z">
          <reporter-output>
          </reporter-output>
        </test-method> <!-- afterTest -->
      </class> <!-- com.selenium.MavenProject1.TrackoMain -->
    </test> <!-- Test -->
  </suite> <!-- Suite -->
</testng-results>
