<?xml version="1.0" encoding="UTF-8"?>
<testng-results skipped="0" failed="0" ignored="0" total="1" passed="1">
  <reporter-output>
  </reporter-output>
  <suite name="Suite" duration-ms="61241" started-at="2017-07-09T05:12:59Z" finished-at="2017-07-09T05:14:00Z">
    <groups>
    </groups>
    <test name="Test" duration-ms="61241" started-at="2017-07-09T05:12:59Z" finished-at="2017-07-09T05:14:00Z">
      <class name="com.selenium.MavenProject1.TrackoMain">
        <test-method status="PASS" signature="beforeTest()[pri:0, instance:com.selenium.MavenProject1.TrackoMain@3ffc5af1]" name="beforeTest" is-config="true" duration-ms="51262" started-at="2017-07-09T10:42:59Z" finished-at="2017-07-09T10:43:50Z">
          <reporter-output>
          </reporter-output>
        </test-method> <!-- beforeTest -->
        <test-method status="PASS" signature="f()[pri:0, instance:com.selenium.MavenProject1.TrackoMain@3ffc5af1]" name="f" duration-ms="368" started-at="2017-07-09T10:43:50Z" finished-at="2017-07-09T10:43:50Z">
          <reporter-output>
          </reporter-output>
        </test-method> <!-- f -->
        <test-method status="PASS" signature="afterTest()[pri:0, instance:com.selenium.MavenProject1.TrackoMain@3ffc5af1]" name="afterTest" is-config="true" duration-ms="9438" started-at="2017-07-09T10:43:50Z" finished-at="2017-07-09T10:44:00Z">
          <reporter-output>
          </reporter-output>
        </test-method> <!-- afterTest -->
      </class> <!-- com.selenium.MavenProject1.TrackoMain -->
    </test> <!-- Test -->
  </suite> <!-- Suite -->
</testng-results>
